<?xml version="1.0" encoding="UTF-8"?>
<testng-results ignored="0" total="1" passed="1" failed="0" skipped="0">
  <reporter-output>
  </reporter-output>
  <suite started-at="2020-07-24T16:25:45 IST" name="Default suite" finished-at="2020-07-24T16:25:48 IST" duration-ms="3599">
    <groups>
    </groups>
    <test started-at="2020-07-24T16:25:45 IST" name="Default test" finished-at="2020-07-24T16:25:48 IST" duration-ms="3599">
      <class name="TestExecutor.TestRunner">
        <test-method is-config="true" signature="initialize()[pri:0, instance:TestExecutor.TestRunner@6ce139a4]" started-at="2020-07-24T16:25:45 IST" name="initialize" finished-at="2020-07-24T16:25:45 IST" duration-ms="15" status="PASS">
          <reporter-output>
          </reporter-output>
        </test-method> <!-- initialize -->
        <test-method signature="Test()[pri:0, instance:TestExecutor.TestRunner@6ce139a4]" started-at="2020-07-24T16:25:45 IST" name="Test" finished-at="2020-07-24T16:25:48 IST" duration-ms="3547" status="PASS">
          <reporter-output>
          </reporter-output>
        </test-method> <!-- Test -->
      </class> <!-- TestExecutor.TestRunner -->
    </test> <!-- Default test -->
  </suite> <!-- Default suite -->
</testng-results>
