<?xml version="1.0" encoding="UTF-8"?>
<testng-results ignored="0" total="1" passed="1" failed="0" skipped="0">
  <reporter-output>
  </reporter-output>
  <suite started-at="2020-01-07T12:34:43 IST" name="Default suite" finished-at="2020-01-07T12:35:25 IST" duration-ms="41099">
    <groups>
    </groups>
    <test started-at="2020-01-07T12:34:43 IST" name="Default test" finished-at="2020-01-07T12:35:25 IST" duration-ms="41099">
      <class name="TestExecutor.TestRunner">
        <test-method is-config="true" signature="initialize()[pri:0, instance:TestExecutor.TestRunner@6ce139a4]" started-at="2020-01-07T12:34:43 IST" name="initialize" finished-at="2020-01-07T12:34:43 IST" duration-ms="17" status="PASS">
          <reporter-output>
          </reporter-output>
        </test-method> <!-- initialize -->
        <test-method signature="FramerQuotaTest()[pri:0, instance:TestExecutor.TestRunner@6ce139a4]" started-at="2020-01-07T12:34:43 IST" name="FramerQuotaTest" finished-at="2020-01-07T12:35:25 IST" duration-ms="41038" status="PASS">
          <reporter-output>
          </reporter-output>
        </test-method> <!-- FramerQuotaTest -->
      </class> <!-- TestExecutor.TestRunner -->
    </test> <!-- Default test -->
  </suite> <!-- Default suite -->
</testng-results>
